[2024-06-21 10:17:18] local.ERROR: SQLSTATE[42P07]: Duplicate table: 7 ERROR:  relation "users" already exists (Connection: pgsql, SQL: create table "users" ("id" bigserial not null primary key, "name" varchar(255) not null, "email" varchar(255) not null, "email_verified_at" timestamp(0) without time zone null, "password" varchar(255) not null, "free_prompts" integer null default '10', "imagen" varchar(255) null, "ip_address" varchar(255) null, "estado" varchar(255) not null default 'Desconectado', "ultima_sesion" varchar(255) null, "rol" boolean not null default '0', "remember_token" varchar(100) null, "created_at" timestamp(0) without time zone null, "updated_at" timestamp(0) without time zone null)) {"exception":"[object] (Illuminate\\Database\\QueryException(code: 42P07): SQLSTATE[42P07]: Duplicate table: 7 ERROR:  relation \"users\" already exists (Connection: pgsql, SQL: create table \"users\" (\"id\" bigserial not null primary key, \"name\" varchar(255) not null, \"email\" varchar(255) not null, \"email_verified_at\" timestamp(0) without time zone null, \"password\" varchar(255) not null, \"free_prompts\" integer null default '10', \"imagen\" varchar(255) null, \"ip_address\" varchar(255) null, \"estado\" varchar(255) not null default 'Desconectado', \"ultima_sesion\" varchar(255) null, \"rol\" boolean not null default '0', \"remember_token\" varchar(100) null, \"created_at\" timestamp(0) without time zone null, \"updated_at\" timestamp(0) without time zone null)) at /home/victor1val/php-laravel-docker/vendor/laravel/framework/src/Illuminate/Database/Connection.php:829)
[stacktrace]
#0 /home/victor1val/php-laravel-docker/vendor/laravel/framework/src/Illuminate/Database/Connection.php(783): Illuminate\\Database\\Connection->runQueryCallback()
#1 /home/victor1val/php-laravel-docker/vendor/laravel/framework/src/Illuminate/Database/Connection.php(588): Illuminate\\Database\\Connection->run()
#2 /home/victor1val/php-laravel-docker/vendor/laravel/framework/src/Illuminate/Database/Schema/Blueprint.php(110): Illuminate\\Database\\Connection->statement()
#3 /home/victor1val/php-laravel-docker/vendor/laravel/framework/src/Illuminate/Database/Schema/Builder.php(602): Illuminate\\Database\\Schema\\Blueprint->build()
#4 /home/victor1val/php-laravel-docker/vendor/laravel/framework/src/Illuminate/Database/Schema/Builder.php(460): Illuminate\\Database\\Schema\\Builder->build()
#5 /home/victor1val/php-laravel-docker/vendor/laravel/framework/src/Illuminate/Support/Facades/Facade.php(355): Illuminate\\Database\\Schema\\Builder->create()
#6 /home/victor1val/php-laravel-docker/database/migrations/0001_01_01_000000_create_users_table.php(29): Illuminate\\Support\\Facades\\Facade::__callStatic()
#7 /home/victor1val/php-laravel-docker/vendor/laravel/framework/src/Illuminate/Database/Migrations/Migrator.php(493): Illuminate\\Database\\Migrations\\Migration@anonymous->up()
#8 /home/victor1val/php-laravel-docker/vendor/laravel/framework/src/Illuminate/Database/Migrations/Migrator.php(410): Illuminate\\Database\\Migrations\\Migrator->runMethod()
#9 /home/victor1val/php-laravel-docker/vendor/laravel/framework/src/Illuminate/Database/Concerns/ManagesTransactions.php(30): Illuminate\\Database\\Migrations\\Migrator->Illuminate\\Database\\Migrations\\{closure}()
#10 /home/victor1val/php-laravel-docker/vendor/laravel/framework/src/Illuminate/Database/Migrations/Migrator.php(418): Illuminate\\Database\\Connection->transaction()
#11 /home/victor1val/php-laravel-docker/vendor/laravel/framework/src/Illuminate/Database/Migrations/Migrator.php(216): Illuminate\\Database\\Migrations\\Migrator->runMigration()
#12 /home/victor1val/php-laravel-docker/vendor/laravel/framework/src/Illuminate/Console/View/Components/Task.php(37): Illuminate\\Database\\Migrations\\Migrator->Illuminate\\Database\\Migrations\\{closure}()
#13 /home/victor1val/php-laravel-docker/vendor/laravel/framework/src/Illuminate/Database/Migrations/Migrator.php(756): Illuminate\\Console\\View\\Components\\Task->render()
#14 /home/victor1val/php-laravel-docker/vendor/laravel/framework/src/Illuminate/Database/Migrations/Migrator.php(216): Illuminate\\Database\\Migrations\\Migrator->write()
#15 /home/victor1val/php-laravel-docker/vendor/laravel/framework/src/Illuminate/Database/Migrations/Migrator.php(181): Illuminate\\Database\\Migrations\\Migrator->runUp()
#16 /home/victor1val/php-laravel-docker/vendor/laravel/framework/src/Illuminate/Database/Migrations/Migrator.php(124): Illuminate\\Database\\Migrations\\Migrator->runPending()
#17 /home/victor1val/php-laravel-docker/vendor/laravel/framework/src/Illuminate/Database/Console/Migrations/MigrateCommand.php(92): Illuminate\\Database\\Migrations\\Migrator->run()
#18 /home/victor1val/php-laravel-docker/vendor/laravel/framework/src/Illuminate/Database/Migrations/Migrator.php(633): Illuminate\\Database\\Console\\Migrations\\MigrateCommand->Illuminate\\Database\\Console\\Migrations\\{closure}()
#19 /home/victor1val/php-laravel-docker/vendor/laravel/framework/src/Illuminate/Database/Console/Migrations/MigrateCommand.php(104): Illuminate\\Database\\Migrations\\Migrator->usingConnection()
#20 /home/victor1val/php-laravel-docker/vendor/laravel/framework/src/Illuminate/Container/BoundMethod.php(36): Illuminate\\Database\\Console\\Migrations\\MigrateCommand->handle()
#21 /home/victor1val/php-laravel-docker/vendor/laravel/framework/src/Illuminate/Container/Util.php(41): Illuminate\\Container\\BoundMethod::Illuminate\\Container\\{closure}()
#22 /home/victor1val/php-laravel-docker/vendor/laravel/framework/src/Illuminate/Container/BoundMethod.php(93): Illuminate\\Container\\Util::unwrapIfClosure()
#23 /home/victor1val/php-laravel-docker/vendor/laravel/framework/src/Illuminate/Container/BoundMethod.php(37): Illuminate\\Container\\BoundMethod::callBoundMethod()
#24 /home/victor1val/php-laravel-docker/vendor/laravel/framework/src/Illuminate/Container/Container.php(662): Illuminate\\Container\\BoundMethod::call()
#25 /home/victor1val/php-laravel-docker/vendor/laravel/framework/src/Illuminate/Console/Command.php(211): Illuminate\\Container\\Container->call()
#26 /home/victor1val/php-laravel-docker/vendor/symfony/console/Command/Command.php(326): Illuminate\\Console\\Command->execute()
#27 /home/victor1val/php-laravel-docker/vendor/laravel/framework/src/Illuminate/Console/Command.php(181): Symfony\\Component\\Console\\Command\\Command->run()
#28 /home/victor1val/php-laravel-docker/vendor/symfony/console/Application.php(1096): Illuminate\\Console\\Command->run()
#29 /home/victor1val/php-laravel-docker/vendor/symfony/console/Application.php(324): Symfony\\Component\\Console\\Application->doRunCommand()
#30 /home/victor1val/php-laravel-docker/vendor/symfony/console/Application.php(175): Symfony\\Component\\Console\\Application->doRun()
#31 /home/victor1val/php-laravel-docker/vendor/laravel/framework/src/Illuminate/Foundation/Console/Kernel.php(201): Symfony\\Component\\Console\\Application->run()
#32 /home/victor1val/php-laravel-docker/artisan(37): Illuminate\\Foundation\\Console\\Kernel->handle()
#33 {main}

[previous exception] [object] (PDOException(code: 42P07): SQLSTATE[42P07]: Duplicate table: 7 ERROR:  relation \"users\" already exists at /home/victor1val/php-laravel-docker/vendor/laravel/framework/src/Illuminate/Database/Connection.php:587)
[stacktrace]
#0 /home/victor1val/php-laravel-docker/vendor/laravel/framework/src/Illuminate/Database/Connection.php(587): PDOStatement->execute()
#1 /home/victor1val/php-laravel-docker/vendor/laravel/framework/src/Illuminate/Database/Connection.php(816): Illuminate\\Database\\Connection->Illuminate\\Database\\{closure}()
#2 /home/victor1val/php-laravel-docker/vendor/laravel/framework/src/Illuminate/Database/Connection.php(783): Illuminate\\Database\\Connection->runQueryCallback()
#3 /home/victor1val/php-laravel-docker/vendor/laravel/framework/src/Illuminate/Database/Connection.php(588): Illuminate\\Database\\Connection->run()
#4 /home/victor1val/php-laravel-docker/vendor/laravel/framework/src/Illuminate/Database/Schema/Blueprint.php(110): Illuminate\\Database\\Connection->statement()
#5 /home/victor1val/php-laravel-docker/vendor/laravel/framework/src/Illuminate/Database/Schema/Builder.php(602): Illuminate\\Database\\Schema\\Blueprint->build()
#6 /home/victor1val/php-laravel-docker/vendor/laravel/framework/src/Illuminate/Database/Schema/Builder.php(460): Illuminate\\Database\\Schema\\Builder->build()
#7 /home/victor1val/php-laravel-docker/vendor/laravel/framework/src/Illuminate/Support/Facades/Facade.php(355): Illuminate\\Database\\Schema\\Builder->create()
#8 /home/victor1val/php-laravel-docker/database/migrations/0001_01_01_000000_create_users_table.php(29): Illuminate\\Support\\Facades\\Facade::__callStatic()
#9 /home/victor1val/php-laravel-docker/vendor/laravel/framework/src/Illuminate/Database/Migrations/Migrator.php(493): Illuminate\\Database\\Migrations\\Migration@anonymous->up()
#10 /home/victor1val/php-laravel-docker/vendor/laravel/framework/src/Illuminate/Database/Migrations/Migrator.php(410): Illuminate\\Database\\Migrations\\Migrator->runMethod()
#11 /home/victor1val/php-laravel-docker/vendor/laravel/framework/src/Illuminate/Database/Concerns/ManagesTransactions.php(30): Illuminate\\Database\\Migrations\\Migrator->Illuminate\\Database\\Migrations\\{closure}()
#12 /home/victor1val/php-laravel-docker/vendor/laravel/framework/src/Illuminate/Database/Migrations/Migrator.php(418): Illuminate\\Database\\Connection->transaction()
#13 /home/victor1val/php-laravel-docker/vendor/laravel/framework/src/Illuminate/Database/Migrations/Migrator.php(216): Illuminate\\Database\\Migrations\\Migrator->runMigration()
#14 /home/victor1val/php-laravel-docker/vendor/laravel/framework/src/Illuminate/Console/View/Components/Task.php(37): Illuminate\\Database\\Migrations\\Migrator->Illuminate\\Database\\Migrations\\{closure}()
#15 /home/victor1val/php-laravel-docker/vendor/laravel/framework/src/Illuminate/Database/Migrations/Migrator.php(756): Illuminate\\Console\\View\\Components\\Task->render()
#16 /home/victor1val/php-laravel-docker/vendor/laravel/framework/src/Illuminate/Database/Migrations/Migrator.php(216): Illuminate\\Database\\Migrations\\Migrator->write()
#17 /home/victor1val/php-laravel-docker/vendor/laravel/framework/src/Illuminate/Database/Migrations/Migrator.php(181): Illuminate\\Database\\Migrations\\Migrator->runUp()
#18 /home/victor1val/php-laravel-docker/vendor/laravel/framework/src/Illuminate/Database/Migrations/Migrator.php(124): Illuminate\\Database\\Migrations\\Migrator->runPending()
#19 /home/victor1val/php-laravel-docker/vendor/laravel/framework/src/Illuminate/Database/Console/Migrations/MigrateCommand.php(92): Illuminate\\Database\\Migrations\\Migrator->run()
#20 /home/victor1val/php-laravel-docker/vendor/laravel/framework/src/Illuminate/Database/Migrations/Migrator.php(633): Illuminate\\Database\\Console\\Migrations\\MigrateCommand->Illuminate\\Database\\Console\\Migrations\\{closure}()
#21 /home/victor1val/php-laravel-docker/vendor/laravel/framework/src/Illuminate/Database/Console/Migrations/MigrateCommand.php(104): Illuminate\\Database\\Migrations\\Migrator->usingConnection()
#22 /home/victor1val/php-laravel-docker/vendor/laravel/framework/src/Illuminate/Container/BoundMethod.php(36): Illuminate\\Database\\Console\\Migrations\\MigrateCommand->handle()
#23 /home/victor1val/php-laravel-docker/vendor/laravel/framework/src/Illuminate/Container/Util.php(41): Illuminate\\Container\\BoundMethod::Illuminate\\Container\\{closure}()
#24 /home/victor1val/php-laravel-docker/vendor/laravel/framework/src/Illuminate/Container/BoundMethod.php(93): Illuminate\\Container\\Util::unwrapIfClosure()
#25 /home/victor1val/php-laravel-docker/vendor/laravel/framework/src/Illuminate/Container/BoundMethod.php(37): Illuminate\\Container\\BoundMethod::callBoundMethod()
#26 /home/victor1val/php-laravel-docker/vendor/laravel/framework/src/Illuminate/Container/Container.php(662): Illuminate\\Container\\BoundMethod::call()
#27 /home/victor1val/php-laravel-docker/vendor/laravel/framework/src/Illuminate/Console/Command.php(211): Illuminate\\Container\\Container->call()
#28 /home/victor1val/php-laravel-docker/vendor/symfony/console/Command/Command.php(326): Illuminate\\Console\\Command->execute()
#29 /home/victor1val/php-laravel-docker/vendor/laravel/framework/src/Illuminate/Console/Command.php(181): Symfony\\Component\\Console\\Command\\Command->run()
#30 /home/victor1val/php-laravel-docker/vendor/symfony/console/Application.php(1096): Illuminate\\Console\\Command->run()
#31 /home/victor1val/php-laravel-docker/vendor/symfony/console/Application.php(324): Symfony\\Component\\Console\\Application->doRunCommand()
#32 /home/victor1val/php-laravel-docker/vendor/symfony/console/Application.php(175): Symfony\\Component\\Console\\Application->doRun()
#33 /home/victor1val/php-laravel-docker/vendor/laravel/framework/src/Illuminate/Foundation/Console/Kernel.php(201): Symfony\\Component\\Console\\Application->run()
#34 /home/victor1val/php-laravel-docker/artisan(37): Illuminate\\Foundation\\Console\\Kernel->handle()
#35 {main}
"} 
